{"contracts/mock/MockERC20.sol":{"l":{"12":4,"16":0},"path":"/Users/Zohaib/octa/octa-contracts/contracts/mock/MockERC20.sol","s":{"1":4,"2":0},"b":{},"f":{"1":4,"2":0},"fnMap":{"1":{"name":"constructor","line":11,"loc":{"start":{"line":7,"column":4},"end":{"line":13,"column":4}}},"2":{"name":"mint","line":15,"loc":{"start":{"line":15,"column":4},"end":{"line":17,"column":4}}}},"statementMap":{"1":{"start":{"line":12,"column":8},"end":{"line":12,"column":32}},"2":{"start":{"line":16,"column":8},"end":{"line":16,"column":26}}},"branchMap":{}},"contracts/mock/MockOctaAuction.sol":{"l":{"10":0,"14":0,"18":0},"path":"/Users/Zohaib/octa/octa-contracts/contracts/mock/MockOctaAuction.sol","s":{"1":0,"2":0,"3":0},"b":{},"f":{"1":0,"2":0,"3":0},"fnMap":{"1":{"name":"setTime","line":9,"loc":{"start":{"line":9,"column":4},"end":{"line":11,"column":4}}},"2":{"name":"increaseTime","line":13,"loc":{"start":{"line":13,"column":4},"end":{"line":15,"column":4}}},"3":{"name":"_getNow","line":17,"loc":{"start":{"line":17,"column":4},"end":{"line":19,"column":4}}}},"statementMap":{"1":{"start":{"line":10,"column":8},"end":{"line":10,"column":15}},"2":{"start":{"line":14,"column":8},"end":{"line":14,"column":16}},"3":{"start":{"line":18,"column":8},"end":{"line":18,"column":19}}},"branchMap":{}},"contracts/OctaAddressRegistry.sol":{"l":{"30":4,"34":4,"42":4,"50":4,"58":4,"66":4},"path":"/Users/Zohaib/octa/octa-contracts/contracts/OctaAddressRegistry.sol","s":{"1":4,"2":4,"3":4,"4":4,"5":4,"6":4},"b":{"1":[4,0]},"f":{"1":4,"2":4,"3":4,"4":4,"5":4},"fnMap":{"1":{"name":"updateOcta","line":29,"loc":{"start":{"line":29,"column":4},"end":{"line":35,"column":4}}},"2":{"name":"updateAuction","line":41,"loc":{"start":{"line":41,"column":4},"end":{"line":43,"column":4}}},"3":{"name":"updateMarketplace","line":49,"loc":{"start":{"line":49,"column":4},"end":{"line":51,"column":4}}},"4":{"name":"updateNFTFactory","line":57,"loc":{"start":{"line":57,"column":4},"end":{"line":59,"column":4}}},"5":{"name":"updateTokenRegistry","line":65,"loc":{"start":{"line":65,"column":4},"end":{"line":67,"column":4}}}},"statementMap":{"1":{"start":{"line":30,"column":8},"end":{"line":30,"column":764}},"2":{"start":{"line":34,"column":8},"end":{"line":34,"column":19}},"3":{"start":{"line":42,"column":8},"end":{"line":42,"column":25}},"4":{"start":{"line":50,"column":8},"end":{"line":50,"column":33}},"5":{"start":{"line":58,"column":8},"end":{"line":58,"column":25}},"6":{"start":{"line":66,"column":8},"end":{"line":66,"column":37}}},"branchMap":{"1":{"line":30,"type":"if","locations":[{"start":{"line":30,"column":8},"end":{"line":30,"column":8}},{"start":{"line":30,"column":8},"end":{"line":30,"column":8}}]}}},"contracts/OctaAuction.sol":{"l":{"158":0,"159":0,"163":0,"167":0,"175":4,"180":4,"181":4,"183":4,"184":4,"208":0,"217":0,"226":0,"249":0,"255":0,"258":0,"262":0,"264":0,"280":0,"286":0,"289":0,"294":0,"302":0,"304":0,"305":0,"306":0,"310":0,"311":0,"312":0,"319":0,"320":0,"329":0,"330":0,"331":0,"333":0,"347":0,"350":0,"356":0,"361":0,"366":0,"369":0,"372":0,"379":0,"399":0,"401":0,"408":0,"411":0,"414":0,"417":0,"423":0,"424":0,"425":0,"428":0,"431":0,"434":0,"436":0,"438":0,"440":0,"443":0,"447":0,"449":0,"452":0,"454":0,"455":0,"465":0,"467":0,"470":0,"473":0,"474":0,"475":0,"476":0,"477":0,"478":0,"481":0,"486":0,"487":0,"492":0,"494":0,"495":0,"496":0,"497":0,"498":0,"501":0,"506":0,"507":0,"512":0,"515":0,"516":0,"517":0,"520":0,"525":0,"526":0,"534":0,"540":0,"560":0,"562":0,"568":0,"570":0,"572":0,"580":0,"581":0,"593":0,"594":0,"606":0,"607":0,"623":0,"625":0,"626":0,"628":0,"629":0,"650":0,"652":0,"653":0,"655":0,"656":0,"672":0,"674":0,"675":0,"676":0,"680":0,"682":0,"683":0,"692":0,"693":0,"705":0,"707":0,"708":0,"716":4,"740":0,"741":0,"764":0,"765":0,"773":0,"794":0,"800":0,"804":0,"807":0,"816":0,"821":0,"822":0,"823":0,"831":0,"835":0,"837":0,"851":0,"852":0,"854":0,"857":0,"859":0,"860":0,"865":0,"879":0,"880":0,"881":0,"882":0},"path":"/Users/Zohaib/octa/octa-contracts/contracts/OctaAuction.sol","s":{"1":0,"2":0,"3":4,"4":4,"5":4,"6":4,"7":4,"8":0,"9":0,"10":0,"11":0,"12":0,"13":0,"14":0,"15":0,"16":0,"17":0,"18":0,"19":0,"20":0,"21":0,"22":0,"23":0,"24":0,"25":0,"26":0,"27":0,"28":0,"29":0,"30":0,"31":0,"32":0,"33":0,"34":0,"35":0,"36":0,"37":0,"38":0,"39":0,"40":0,"41":0,"42":0,"43":0,"44":0,"45":0,"46":0,"47":0,"48":0,"49":0,"50":0,"51":0,"52":0,"53":0,"54":0,"55":0,"56":0,"57":0,"58":0,"59":0,"60":0,"61":0,"62":0,"63":0,"64":0,"65":0,"66":0,"67":0,"68":0,"69":0,"70":0,"71":0,"72":0,"73":0,"74":0,"75":0,"76":0,"77":0,"78":0,"79":0,"80":0,"81":0,"82":0,"83":0,"84":0,"85":0,"86":0,"87":0,"88":0,"89":0,"90":0,"91":0,"92":0,"93":0,"94":0,"95":0,"96":0,"97":0,"98":0,"99":0,"100":0,"101":0,"102":0,"103":0,"104":0,"105":0,"106":0,"107":0,"108":0,"109":0,"110":0,"111":0,"112":0,"113":0,"114":0,"115":0,"116":0,"117":0,"118":0,"119":0,"120":0,"121":0,"122":0,"123":4,"124":0,"125":0,"126":0,"127":0,"128":0,"129":0,"130":0,"131":0,"132":0,"133":0,"134":0,"135":0,"136":0,"137":0,"138":0,"139":0,"140":0,"141":0,"142":0,"143":0,"144":0,"145":0,"146":0,"147":0,"148":0},"b":{"1":[0,0],"2":[0,0],"3":[4,0],"4":[0,0],"5":[0,0],"6":[0,0],"7":[0,0],"8":[0,0],"9":[0,0],"10":[0,0],"11":[0,0],"12":[0,0],"13":[0,0],"14":[0,0],"15":[0,0],"16":[0,0],"17":[0,0],"18":[0,0],"19":[0,0],"20":[0,0],"21":[0,0],"22":[0,0],"23":[0,0],"24":[0,0],"25":[0,0],"26":[0,0],"27":[0,0],"28":[0,0],"29":[0,0],"30":[0,0],"31":[0,0],"32":[0,0],"33":[0,0],"34":[0,0],"35":[0,0],"36":[0,0],"37":[0,0],"38":[0,0],"39":[0,0],"40":[0,0],"41":[0,0],"42":[0,0],"43":[0,0],"44":[0,0],"45":[0,0],"46":[0,0],"47":[0,0],"48":[0,0],"49":[0,0],"50":[0,0],"51":[0,0],"52":[0,0],"53":[0,0],"54":[0,0],"55":[0,0],"56":[0,0],"57":[0,0],"58":[0,0],"59":[0,0],"60":[0,0]},"f":{"1":0,"2":0,"3":4,"4":0,"5":0,"6":0,"7":0,"8":0,"9":0,"10":0,"11":0,"12":0,"13":0,"14":0,"15":0,"16":0,"17":0,"18":0,"19":4,"20":0,"21":0,"22":0,"23":0,"24":0,"25":0,"26":0},"fnMap":{"1":{"name":"whenNotPaused","line":157,"loc":{"start":{"line":157,"column":4},"end":{"line":160,"column":4}}},"2":{"name":"onlyMarketplace","line":162,"loc":{"start":{"line":162,"column":4},"end":{"line":168,"column":4}}},"3":{"name":"initialize","line":173,"loc":{"start":{"line":171,"column":4},"end":{"line":185,"column":4}}},"4":{"name":"createAuction","line":206,"loc":{"start":{"line":199,"column":4},"end":{"line":234,"column":4}}},"5":{"name":"placeBid","line":247,"loc":{"start":{"line":243,"column":4},"end":{"line":265,"column":4}}},"6":{"name":"placeBidWithERC20","line":279,"loc":{"start":{"line":275,"column":4},"end":{"line":295,"column":4}}},"7":{"name":"_placeBid","line":301,"loc":{"start":{"line":297,"column":4},"end":{"line":334,"column":4}}},"8":{"name":"withdrawBid","line":345,"loc":{"start":{"line":342,"column":4},"end":{"line":380,"column":4}}},"9":{"name":"resultAuction","line":396,"loc":{"start":{"line":394,"column":4},"end":{"line":547,"column":4}}},"10":{"name":"cancelAuction","line":557,"loc":{"start":{"line":555,"column":4},"end":{"line":573,"column":4}}},"11":{"name":"toggleIsPaused","line":579,"loc":{"start":{"line":579,"column":4},"end":{"line":582,"column":4}}},"12":{"name":"updateMinBidIncrement","line":591,"loc":{"start":{"line":589,"column":4},"end":{"line":595,"column":4}}},"13":{"name":"updateBidWithdrawalLockTime","line":604,"loc":{"start":{"line":602,"column":4},"end":{"line":608,"column":4}}},"14":{"name":"updateAuctionReservePrice","line":618,"loc":{"start":{"line":618,"column":4},"end":{"line":635,"column":4}}},"15":{"name":"updateAuctionStartTime","line":645,"loc":{"start":{"line":645,"column":4},"end":{"line":657,"column":4}}},"16":{"name":"updateAuctionEndTime","line":667,"loc":{"start":{"line":667,"column":4},"end":{"line":684,"column":4}}},"17":{"name":"updatePlatformFee","line":691,"loc":{"start":{"line":691,"column":4},"end":{"line":694,"column":4}}},"18":{"name":"updatePlatformFeeRecipient","line":703,"loc":{"start":{"line":701,"column":4},"end":{"line":709,"column":4}}},"19":{"name":"updateAddressRegistry","line":715,"loc":{"start":{"line":715,"column":4},"end":{"line":717,"column":4}}},"20":{"name":"getAuction","line":728,"loc":{"start":{"line":728,"column":4},"end":{"line":749,"column":4}}},"21":{"name":"getHighestBidder","line":755,"loc":{"start":{"line":755,"column":4},"end":{"line":766,"column":4}}},"22":{"name":"_getNow","line":772,"loc":{"start":{"line":772,"column":4},"end":{"line":774,"column":4}}},"23":{"name":"_createAuction","line":785,"loc":{"start":{"line":785,"column":4},"end":{"line":817,"column":4}}},"24":{"name":"_cancelAuction","line":819,"loc":{"start":{"line":819,"column":4},"end":{"line":838,"column":4}}},"25":{"name":"_refundHighestBidder","line":845,"loc":{"start":{"line":845,"column":4},"end":{"line":871,"column":4}}},"26":{"name":"reclaimERC20","line":878,"loc":{"start":{"line":878,"column":4},"end":{"line":883,"column":4}}}},"statementMap":{"1":{"start":{"line":158,"column":8},"end":{"line":158,"column":44}},"2":{"start":{"line":163,"column":8},"end":{"line":163,"column":4671}},"3":{"start":{"line":175,"column":8},"end":{"line":175,"column":4956}},"4":{"start":{"line":180,"column":8},"end":{"line":180,"column":51}},"5":{"start":{"line":181,"column":8},"end":{"line":181,"column":42}},"6":{"start":{"line":183,"column":8},"end":{"line":183,"column":23}},"7":{"start":{"line":184,"column":8},"end":{"line":184,"column":31}},"8":{"start":{"line":208,"column":8},"end":{"line":208,"column":6248}},"9":{"start":{"line":217,"column":8},"end":{"line":217,"column":6542}},"10":{"start":{"line":226,"column":8},"end":{"line":226,"column":6847}},"11":{"start":{"line":249,"column":8},"end":{"line":249,"column":7545}},"12":{"start":{"line":255,"column":8},"end":{"line":255,"column":64}},"13":{"start":{"line":258,"column":8},"end":{"line":258,"column":7833}},"14":{"start":{"line":262,"column":8},"end":{"line":262,"column":67}},"15":{"start":{"line":264,"column":8},"end":{"line":264,"column":50}},"16":{"start":{"line":280,"column":8},"end":{"line":280,"column":8673}},"17":{"start":{"line":286,"column":8},"end":{"line":286,"column":64}},"18":{"start":{"line":289,"column":8},"end":{"line":289,"column":8961}},"19":{"start":{"line":294,"column":8},"end":{"line":294,"column":51}},"20":{"start":{"line":302,"column":8},"end":{"line":302,"column":65}},"21":{"start":{"line":304,"column":8},"end":{"line":304,"column":74}},"22":{"start":{"line":305,"column":8},"end":{"line":305,"column":68}},"23":{"start":{"line":306,"column":8},"end":{"line":306,"column":9593}},"24":{"start":{"line":310,"column":8},"end":{"line":310,"column":9709}},"25":{"start":{"line":311,"column":12},"end":{"line":311,"column":54}},"26":{"start":{"line":312,"column":12},"end":{"line":312,"column":9819}},"27":{"start":{"line":319,"column":8},"end":{"line":319,"column":10040}},"28":{"start":{"line":320,"column":12},"end":{"line":320,"column":10095}},"29":{"start":{"line":329,"column":8},"end":{"line":329,"column":48}},"30":{"start":{"line":330,"column":8},"end":{"line":330,"column":34}},"31":{"start":{"line":331,"column":8},"end":{"line":331,"column":41}},"32":{"start":{"line":333,"column":8},"end":{"line":333,"column":71}},"33":{"start":{"line":347,"column":8},"end":{"line":347,"column":74}},"34":{"start":{"line":350,"column":8},"end":{"line":350,"column":11039}},"35":{"start":{"line":356,"column":8},"end":{"line":356,"column":11205}},"36":{"start":{"line":361,"column":8},"end":{"line":361,"column":11367}},"37":{"start":{"line":366,"column":8},"end":{"line":366,"column":44}},"38":{"start":{"line":372,"column":8},"end":{"line":372,"column":11665}},"39":{"start":{"line":379,"column":8},"end":{"line":379,"column":75}},"40":{"start":{"line":399,"column":8},"end":{"line":399,"column":65}},"41":{"start":{"line":401,"column":8},"end":{"line":401,"column":12559}},"42":{"start":{"line":408,"column":8},"end":{"line":408,"column":56}},"43":{"start":{"line":411,"column":8},"end":{"line":411,"column":64}},"44":{"start":{"line":414,"column":8},"end":{"line":414,"column":61}},"45":{"start":{"line":417,"column":8},"end":{"line":417,"column":13120}},"46":{"start":{"line":423,"column":8},"end":{"line":423,"column":74}},"47":{"start":{"line":424,"column":8},"end":{"line":424,"column":42}},"48":{"start":{"line":425,"column":8},"end":{"line":425,"column":43}},"49":{"start":{"line":428,"column":8},"end":{"line":428,"column":52}},"50":{"start":{"line":431,"column":8},"end":{"line":431,"column":30}},"51":{"start":{"line":436,"column":8},"end":{"line":436,"column":25}},"52":{"start":{"line":438,"column":8},"end":{"line":438,"column":13751}},"53":{"start":{"line":440,"column":12},"end":{"line":440,"column":76}},"54":{"start":{"line":443,"column":12},"end":{"line":443,"column":14012}},"55":{"start":{"line":447,"column":12},"end":{"line":447,"column":14125}},"56":{"start":{"line":449,"column":16},"end":{"line":449,"column":14225}},"57":{"start":{"line":452,"column":16},"end":{"line":452,"column":78}},"58":{"start":{"line":454,"column":16},"end":{"line":454,"column":58}},"59":{"start":{"line":455,"column":16},"end":{"line":455,"column":14534}},"60":{"start":{"line":465,"column":12},"end":{"line":465,"column":62}},"61":{"start":{"line":467,"column":12},"end":{"line":467,"column":33}},"62":{"start":{"line":470,"column":8},"end":{"line":470,"column":14955}},"63":{"start":{"line":473,"column":8},"end":{"line":473,"column":67}},"64":{"start":{"line":474,"column":8},"end":{"line":474,"column":69}},"65":{"start":{"line":475,"column":8},"end":{"line":475,"column":15204}},"66":{"start":{"line":476,"column":12},"end":{"line":476,"column":64}},"67":{"start":{"line":477,"column":12},"end":{"line":477,"column":15330}},"68":{"start":{"line":478,"column":16},"end":{"line":478,"column":15393}},"69":{"start":{"line":481,"column":16},"end":{"line":481,"column":15521}},"70":{"start":{"line":486,"column":16},"end":{"line":486,"column":58}},"71":{"start":{"line":487,"column":16},"end":{"line":487,"column":15753}},"72":{"start":{"line":492,"column":12},"end":{"line":492,"column":48}},"73":{"start":{"line":494,"column":12},"end":{"line":494,"column":77}},"74":{"start":{"line":495,"column":12},"end":{"line":495,"column":16073}},"75":{"start":{"line":496,"column":16},"end":{"line":496,"column":68}},"76":{"start":{"line":497,"column":16},"end":{"line":497,"column":16207}},"77":{"start":{"line":498,"column":20},"end":{"line":498,"column":16274}},"78":{"start":{"line":501,"column":20},"end":{"line":501,"column":16414}},"79":{"start":{"line":506,"column":20},"end":{"line":506,"column":62}},"80":{"start":{"line":507,"column":20},"end":{"line":507,"column":16658}},"81":{"start":{"line":512,"column":16},"end":{"line":512,"column":52}},"82":{"start":{"line":515,"column":8},"end":{"line":515,"column":16901}},"83":{"start":{"line":516,"column":12},"end":{"line":516,"column":16938}},"84":{"start":{"line":517,"column":16},"end":{"line":517,"column":17001}},"85":{"start":{"line":520,"column":16},"end":{"line":520,"column":17124}},"86":{"start":{"line":525,"column":16},"end":{"line":525,"column":58}},"87":{"start":{"line":526,"column":16},"end":{"line":526,"column":17358}},"88":{"start":{"line":534,"column":8},"end":{"line":534,"column":17587}},"89":{"start":{"line":540,"column":8},"end":{"line":540,"column":17740}},"90":{"start":{"line":560,"column":8},"end":{"line":560,"column":64}},"91":{"start":{"line":562,"column":8},"end":{"line":562,"column":18370}},"92":{"start":{"line":568,"column":8},"end":{"line":568,"column":56}},"93":{"start":{"line":570,"column":8},"end":{"line":570,"column":61}},"94":{"start":{"line":572,"column":8},"end":{"line":572,"column":44}},"95":{"start":{"line":580,"column":8},"end":{"line":580,"column":27}},"96":{"start":{"line":581,"column":8},"end":{"line":581,"column":35}},"97":{"start":{"line":593,"column":8},"end":{"line":593,"column":41}},"98":{"start":{"line":594,"column":8},"end":{"line":594,"column":52}},"99":{"start":{"line":606,"column":8},"end":{"line":606,"column":53}},"100":{"start":{"line":607,"column":8},"end":{"line":607,"column":64}},"101":{"start":{"line":623,"column":8},"end":{"line":623,"column":65}},"102":{"start":{"line":625,"column":8},"end":{"line":625,"column":74}},"103":{"start":{"line":626,"column":8},"end":{"line":626,"column":56}},"104":{"start":{"line":628,"column":8},"end":{"line":628,"column":43}},"105":{"start":{"line":629,"column":8},"end":{"line":629,"column":20465}},"106":{"start":{"line":650,"column":8},"end":{"line":650,"column":65}},"107":{"start":{"line":652,"column":8},"end":{"line":652,"column":69}},"108":{"start":{"line":653,"column":8},"end":{"line":653,"column":56}},"109":{"start":{"line":655,"column":8},"end":{"line":655,"column":37}},"110":{"start":{"line":656,"column":8},"end":{"line":656,"column":70}},"111":{"start":{"line":672,"column":8},"end":{"line":672,"column":65}},"112":{"start":{"line":674,"column":8},"end":{"line":674,"column":69}},"113":{"start":{"line":675,"column":8},"end":{"line":675,"column":56}},"114":{"start":{"line":676,"column":8},"end":{"line":676,"column":21981}},"115":{"start":{"line":680,"column":8},"end":{"line":680,"column":61}},"116":{"start":{"line":682,"column":8},"end":{"line":682,"column":38}},"117":{"start":{"line":683,"column":8},"end":{"line":683,"column":71}},"118":{"start":{"line":692,"column":8},"end":{"line":692,"column":33}},"119":{"start":{"line":693,"column":8},"end":{"line":693,"column":44}},"120":{"start":{"line":705,"column":8},"end":{"line":705,"column":67}},"121":{"start":{"line":707,"column":8},"end":{"line":707,"column":51}},"122":{"start":{"line":708,"column":8},"end":{"line":708,"column":62}},"123":{"start":{"line":716,"column":8},"end":{"line":716,"column":56}},"124":{"start":{"line":740,"column":8},"end":{"line":740,"column":65}},"125":{"start":{"line":741,"column":8},"end":{"line":741,"column":23924}},"126":{"start":{"line":764,"column":8},"end":{"line":764,"column":74}},"127":{"start":{"line":765,"column":8},"end":{"line":765,"column":74}},"128":{"start":{"line":773,"column":8},"end":{"line":773,"column":30}},"129":{"start":{"line":794,"column":8},"end":{"line":794,"column":25638}},"130":{"start":{"line":800,"column":8},"end":{"line":800,"column":25841}},"131":{"start":{"line":804,"column":8},"end":{"line":804,"column":61}},"132":{"start":{"line":807,"column":8},"end":{"line":807,"column":26059}},"133":{"start":{"line":816,"column":8},"end":{"line":816,"column":61}},"134":{"start":{"line":821,"column":8},"end":{"line":821,"column":74}},"135":{"start":{"line":822,"column":8},"end":{"line":822,"column":26604}},"136":{"start":{"line":823,"column":12},"end":{"line":823,"column":26659}},"137":{"start":{"line":837,"column":8},"end":{"line":837,"column":52}},"138":{"start":{"line":851,"column":8},"end":{"line":851,"column":64}},"139":{"start":{"line":852,"column":8},"end":{"line":852,"column":27587}},"140":{"start":{"line":854,"column":12},"end":{"line":854,"column":27698}},"141":{"start":{"line":857,"column":12},"end":{"line":857,"column":69}},"142":{"start":{"line":859,"column":12},"end":{"line":859,"column":54}},"143":{"start":{"line":860,"column":12},"end":{"line":860,"column":27964}},"144":{"start":{"line":865,"column":8},"end":{"line":865,"column":28132}},"145":{"start":{"line":879,"column":8},"end":{"line":879,"column":63}},"146":{"start":{"line":880,"column":8},"end":{"line":880,"column":45}},"147":{"start":{"line":881,"column":8},"end":{"line":881,"column":56}},"148":{"start":{"line":882,"column":8},"end":{"line":882,"column":72}}},"branchMap":{"1":{"line":158,"type":"if","locations":[{"start":{"line":158,"column":8},"end":{"line":158,"column":8}},{"start":{"line":158,"column":8},"end":{"line":158,"column":8}}]},"2":{"line":163,"type":"if","locations":[{"start":{"line":163,"column":8},"end":{"line":163,"column":8}},{"start":{"line":163,"column":8},"end":{"line":163,"column":8}}]},"3":{"line":175,"type":"if","locations":[{"start":{"line":175,"column":8},"end":{"line":175,"column":8}},{"start":{"line":175,"column":8},"end":{"line":175,"column":8}}]},"4":{"line":208,"type":"if","locations":[{"start":{"line":208,"column":8},"end":{"line":208,"column":8}},{"start":{"line":208,"column":8},"end":{"line":208,"column":8}}]},"5":{"line":217,"type":"if","locations":[{"start":{"line":217,"column":8},"end":{"line":217,"column":8}},{"start":{"line":217,"column":8},"end":{"line":217,"column":8}}]},"6":{"line":249,"type":"if","locations":[{"start":{"line":249,"column":8},"end":{"line":249,"column":8}},{"start":{"line":249,"column":8},"end":{"line":249,"column":8}}]},"7":{"line":258,"type":"if","locations":[{"start":{"line":258,"column":8},"end":{"line":258,"column":8}},{"start":{"line":258,"column":8},"end":{"line":258,"column":8}}]},"8":{"line":262,"type":"if","locations":[{"start":{"line":262,"column":8},"end":{"line":262,"column":8}},{"start":{"line":262,"column":8},"end":{"line":262,"column":8}}]},"9":{"line":280,"type":"if","locations":[{"start":{"line":280,"column":8},"end":{"line":280,"column":8}},{"start":{"line":280,"column":8},"end":{"line":280,"column":8}}]},"10":{"line":289,"type":"if","locations":[{"start":{"line":289,"column":8},"end":{"line":289,"column":8}},{"start":{"line":289,"column":8},"end":{"line":289,"column":8}}]},"11":{"line":306,"type":"if","locations":[{"start":{"line":306,"column":8},"end":{"line":306,"column":8}},{"start":{"line":306,"column":8},"end":{"line":306,"column":8}}]},"12":{"line":310,"type":"if","locations":[{"start":{"line":310,"column":8},"end":{"line":310,"column":8}},{"start":{"line":310,"column":8},"end":{"line":310,"column":8}}]},"13":{"line":312,"type":"if","locations":[{"start":{"line":312,"column":12},"end":{"line":312,"column":12}},{"start":{"line":312,"column":12},"end":{"line":312,"column":12}}]},"14":{"line":319,"type":"if","locations":[{"start":{"line":319,"column":8},"end":{"line":319,"column":8}},{"start":{"line":319,"column":8},"end":{"line":319,"column":8}}]},"15":{"line":350,"type":"if","locations":[{"start":{"line":350,"column":8},"end":{"line":350,"column":8}},{"start":{"line":350,"column":8},"end":{"line":350,"column":8}}]},"16":{"line":356,"type":"if","locations":[{"start":{"line":356,"column":8},"end":{"line":356,"column":8}},{"start":{"line":356,"column":8},"end":{"line":356,"column":8}}]},"17":{"line":361,"type":"if","locations":[{"start":{"line":361,"column":8},"end":{"line":361,"column":8}},{"start":{"line":361,"column":8},"end":{"line":361,"column":8}}]},"18":{"line":401,"type":"if","locations":[{"start":{"line":401,"column":8},"end":{"line":401,"column":8}},{"start":{"line":401,"column":8},"end":{"line":401,"column":8}}]},"19":{"line":408,"type":"if","locations":[{"start":{"line":408,"column":8},"end":{"line":408,"column":8}},{"start":{"line":408,"column":8},"end":{"line":408,"column":8}}]},"20":{"line":411,"type":"if","locations":[{"start":{"line":411,"column":8},"end":{"line":411,"column":8}},{"start":{"line":411,"column":8},"end":{"line":411,"column":8}}]},"21":{"line":414,"type":"if","locations":[{"start":{"line":414,"column":8},"end":{"line":414,"column":8}},{"start":{"line":414,"column":8},"end":{"line":414,"column":8}}]},"22":{"line":417,"type":"if","locations":[{"start":{"line":417,"column":8},"end":{"line":417,"column":8}},{"start":{"line":417,"column":8},"end":{"line":417,"column":8}}]},"23":{"line":428,"type":"if","locations":[{"start":{"line":428,"column":8},"end":{"line":428,"column":8}},{"start":{"line":428,"column":8},"end":{"line":428,"column":8}}]},"24":{"line":438,"type":"if","locations":[{"start":{"line":438,"column":8},"end":{"line":438,"column":8}},{"start":{"line":438,"column":8},"end":{"line":438,"column":8}}]},"25":{"line":447,"type":"if","locations":[{"start":{"line":447,"column":12},"end":{"line":447,"column":12}},{"start":{"line":447,"column":12},"end":{"line":447,"column":12}}]},"26":{"line":452,"type":"if","locations":[{"start":{"line":452,"column":16},"end":{"line":452,"column":16}},{"start":{"line":452,"column":16},"end":{"line":452,"column":16}}]},"27":{"line":455,"type":"if","locations":[{"start":{"line":455,"column":16},"end":{"line":455,"column":16}},{"start":{"line":455,"column":16},"end":{"line":455,"column":16}}]},"28":{"line":475,"type":"if","locations":[{"start":{"line":475,"column":8},"end":{"line":475,"column":8}},{"start":{"line":475,"column":8},"end":{"line":475,"column":8}}]},"29":{"line":477,"type":"if","locations":[{"start":{"line":477,"column":12},"end":{"line":477,"column":12}},{"start":{"line":477,"column":12},"end":{"line":477,"column":12}}]},"30":{"line":481,"type":"if","locations":[{"start":{"line":481,"column":16},"end":{"line":481,"column":16}},{"start":{"line":481,"column":16},"end":{"line":481,"column":16}}]},"31":{"line":487,"type":"if","locations":[{"start":{"line":487,"column":16},"end":{"line":487,"column":16}},{"start":{"line":487,"column":16},"end":{"line":487,"column":16}}]},"32":{"line":495,"type":"if","locations":[{"start":{"line":495,"column":12},"end":{"line":495,"column":12}},{"start":{"line":495,"column":12},"end":{"line":495,"column":12}}]},"33":{"line":497,"type":"if","locations":[{"start":{"line":497,"column":16},"end":{"line":497,"column":16}},{"start":{"line":497,"column":16},"end":{"line":497,"column":16}}]},"34":{"line":501,"type":"if","locations":[{"start":{"line":501,"column":20},"end":{"line":501,"column":20}},{"start":{"line":501,"column":20},"end":{"line":501,"column":20}}]},"35":{"line":507,"type":"if","locations":[{"start":{"line":507,"column":20},"end":{"line":507,"column":20}},{"start":{"line":507,"column":20},"end":{"line":507,"column":20}}]},"36":{"line":515,"type":"if","locations":[{"start":{"line":515,"column":8},"end":{"line":515,"column":8}},{"start":{"line":515,"column":8},"end":{"line":515,"column":8}}]},"37":{"line":516,"type":"if","locations":[{"start":{"line":516,"column":12},"end":{"line":516,"column":12}},{"start":{"line":516,"column":12},"end":{"line":516,"column":12}}]},"38":{"line":520,"type":"if","locations":[{"start":{"line":520,"column":16},"end":{"line":520,"column":16}},{"start":{"line":520,"column":16},"end":{"line":520,"column":16}}]},"39":{"line":526,"type":"if","locations":[{"start":{"line":526,"column":16},"end":{"line":526,"column":16}},{"start":{"line":526,"column":16},"end":{"line":526,"column":16}}]},"40":{"line":562,"type":"if","locations":[{"start":{"line":562,"column":8},"end":{"line":562,"column":8}},{"start":{"line":562,"column":8},"end":{"line":562,"column":8}}]},"41":{"line":568,"type":"if","locations":[{"start":{"line":568,"column":8},"end":{"line":568,"column":8}},{"start":{"line":568,"column":8},"end":{"line":568,"column":8}}]},"42":{"line":570,"type":"if","locations":[{"start":{"line":570,"column":8},"end":{"line":570,"column":8}},{"start":{"line":570,"column":8},"end":{"line":570,"column":8}}]},"43":{"line":625,"type":"if","locations":[{"start":{"line":625,"column":8},"end":{"line":625,"column":8}},{"start":{"line":625,"column":8},"end":{"line":625,"column":8}}]},"44":{"line":626,"type":"if","locations":[{"start":{"line":626,"column":8},"end":{"line":626,"column":8}},{"start":{"line":626,"column":8},"end":{"line":626,"column":8}}]},"45":{"line":652,"type":"if","locations":[{"start":{"line":652,"column":8},"end":{"line":652,"column":8}},{"start":{"line":652,"column":8},"end":{"line":652,"column":8}}]},"46":{"line":653,"type":"if","locations":[{"start":{"line":653,"column":8},"end":{"line":653,"column":8}},{"start":{"line":653,"column":8},"end":{"line":653,"column":8}}]},"47":{"line":674,"type":"if","locations":[{"start":{"line":674,"column":8},"end":{"line":674,"column":8}},{"start":{"line":674,"column":8},"end":{"line":674,"column":8}}]},"48":{"line":675,"type":"if","locations":[{"start":{"line":675,"column":8},"end":{"line":675,"column":8}},{"start":{"line":675,"column":8},"end":{"line":675,"column":8}}]},"49":{"line":676,"type":"if","locations":[{"start":{"line":676,"column":8},"end":{"line":676,"column":8}},{"start":{"line":676,"column":8},"end":{"line":676,"column":8}}]},"50":{"line":680,"type":"if","locations":[{"start":{"line":680,"column":8},"end":{"line":680,"column":8}},{"start":{"line":680,"column":8},"end":{"line":680,"column":8}}]},"51":{"line":705,"type":"if","locations":[{"start":{"line":705,"column":8},"end":{"line":705,"column":8}},{"start":{"line":705,"column":8},"end":{"line":705,"column":8}}]},"52":{"line":794,"type":"if","locations":[{"start":{"line":794,"column":8},"end":{"line":794,"column":8}},{"start":{"line":794,"column":8},"end":{"line":794,"column":8}}]},"53":{"line":800,"type":"if","locations":[{"start":{"line":800,"column":8},"end":{"line":800,"column":8}},{"start":{"line":800,"column":8},"end":{"line":800,"column":8}}]},"54":{"line":804,"type":"if","locations":[{"start":{"line":804,"column":8},"end":{"line":804,"column":8}},{"start":{"line":804,"column":8},"end":{"line":804,"column":8}}]},"55":{"line":822,"type":"if","locations":[{"start":{"line":822,"column":8},"end":{"line":822,"column":8}},{"start":{"line":822,"column":8},"end":{"line":822,"column":8}}]},"56":{"line":852,"type":"if","locations":[{"start":{"line":852,"column":8},"end":{"line":852,"column":8}},{"start":{"line":852,"column":8},"end":{"line":852,"column":8}}]},"57":{"line":857,"type":"if","locations":[{"start":{"line":857,"column":12},"end":{"line":857,"column":12}},{"start":{"line":857,"column":12},"end":{"line":857,"column":12}}]},"58":{"line":860,"type":"if","locations":[{"start":{"line":860,"column":12},"end":{"line":860,"column":12}},{"start":{"line":860,"column":12},"end":{"line":860,"column":12}}]},"59":{"line":879,"type":"if","locations":[{"start":{"line":879,"column":8},"end":{"line":879,"column":8}},{"start":{"line":879,"column":8},"end":{"line":879,"column":8}}]},"60":{"line":882,"type":"if","locations":[{"start":{"line":882,"column":8},"end":{"line":882,"column":8}},{"start":{"line":882,"column":8},"end":{"line":882,"column":8}}]}}},"contracts/OctaMarketplace.sol":{"l":{"137":0,"138":0,"139":0,"147":0,"148":0,"149":0,"157":0,"158":0,"159":0,"160":0,"164":0,"165":0,"170":0,"172":0,"173":0,"181":0,"182":0,"186":0,"194":0,"195":0,"199":0,"207":4,"208":4,"210":4,"211":4,"229":0,"230":0,"231":0,"232":0,"239":0,"240":0,"244":0,"249":0,"252":0,"261":0,"267":0,"284":0,"298":0,"301":0,"302":0,"303":0,"307":0,"308":0,"313":0,"316":0,"325":0,"326":0,"327":0,"350":0,"351":0,"352":0,"357":0,"374":0,"375":0,"377":0,"386":0,"388":0,"389":0,"390":0,"391":0,"394":0,"396":0,"403":0,"404":0,"405":0,"406":0,"407":0,"408":0,"411":0,"413":0,"419":0,"421":0,"422":0,"423":0,"424":0,"427":0,"428":0,"431":0,"436":0,"442":0,"445":0,"446":0,"449":0,"451":0,"459":0,"460":0,"466":0,"475":0,"484":0,"502":0,"507":0,"508":0,"517":0,"524":0,"542":0,"543":0,"555":0,"556":0,"557":0,"558":0,"562":0,"563":0,"568":0,"571":0,"572":0,"573":0,"575":0,"576":0,"577":0,"578":0,"579":0,"580":0,"581":0,"583":0,"584":0,"585":0,"586":0,"587":0,"588":0,"591":0,"598":0,"599":0,"605":0,"614":0,"615":0,"617":0,"626":0,"638":0,"639":0,"640":0,"641":0,"642":0,"646":0,"647":0,"653":0,"657":0,"658":0,"670":0,"671":0,"672":0,"676":0,"677":0,"681":0,"689":0,"698":0,"699":0,"711":0,"712":0,"720":4,"726":0,"734":0,"735":0,"736":0,"737":0,"741":0,"742":0,"747":0,"750":0,"751":0},"path":"/Users/Zohaib/octa/octa-contracts/contracts/OctaMarketplace.sol","s":{"1":0,"2":0,"3":0,"4":0,"5":0,"6":0,"7":0,"8":0,"9":0,"10":0,"11":0,"12":0,"13":0,"14":0,"15":0,"16":0,"17":0,"18":4,"19":4,"20":4,"21":4,"22":0,"23":0,"24":0,"25":0,"26":0,"27":0,"28":0,"29":0,"30":0,"31":0,"32":0,"33":0,"34":0,"35":0,"36":0,"37":0,"38":0,"39":0,"40":0,"41":0,"42":0,"43":0,"44":0,"45":0,"46":0,"47":0,"48":0,"49":0,"50":0,"51":0,"52":0,"53":0,"54":0,"55":0,"56":0,"57":0,"58":0,"59":0,"60":0,"61":0,"62":0,"63":0,"64":0,"65":0,"66":0,"67":0,"68":0,"69":0,"70":0,"71":0,"72":0,"73":0,"74":0,"75":0,"76":0,"77":0,"78":0,"79":0,"80":0,"81":0,"82":0,"83":0,"84":0,"85":0,"86":0,"87":0,"88":0,"89":0,"90":0,"91":0,"92":0,"93":0,"94":0,"95":0,"96":0,"97":0,"98":0,"99":0,"100":0,"101":0,"102":0,"103":0,"104":0,"105":0,"106":0,"107":0,"108":0,"109":0,"110":0,"111":0,"112":0,"113":0,"114":0,"115":0,"116":0,"117":0,"118":0,"119":0,"120":0,"121":0,"122":0,"123":0,"124":0,"125":0,"126":0,"127":0,"128":0,"129":0,"130":0,"131":0,"132":0,"133":0,"134":0,"135":0,"136":0,"137":0,"138":0,"139":0,"140":0,"141":0,"142":0,"143":0,"144":0,"145":4,"146":0,"147":0,"148":0,"149":0,"150":0,"151":0,"152":0,"153":0,"154":0,"155":0},"b":{"1":[0,0],"2":[0,0],"3":[0,0],"4":[0,0],"5":[0,0],"6":[0,0],"7":[0,0],"8":[0,0],"9":[0,0],"10":[0,0],"11":[0,0],"12":[0,0],"13":[0,0],"14":[0,0],"15":[0,0],"16":[0,0],"17":[0,0],"18":[0,0],"19":[0,0],"20":[0,0],"21":[0,0],"22":[0,0],"23":[0,0],"24":[0,0],"25":[0,0],"26":[0,0],"27":[0,0],"28":[0,0],"29":[0,0],"30":[0,0],"31":[0,0],"32":[0,0],"33":[0,0],"34":[0,0],"35":[0,0],"36":[0,0],"37":[0,0],"38":[0,0],"39":[0,0],"40":[0,0],"41":[0,0],"42":[0,0],"43":[0,0],"44":[0,0],"45":[0,0],"46":[0,0],"47":[0,0],"48":[0,0],"49":[0,0],"50":[0,0],"51":[0,0],"52":[0,0],"53":[0,0],"54":[0,0],"55":[0,0],"56":[0,0],"57":[0,0],"58":[0,0],"59":[0,0],"60":[0,0],"61":[0,0]},"f":{"1":0,"2":0,"3":0,"4":0,"5":0,"6":4,"7":0,"8":0,"9":0,"10":0,"11":0,"12":0,"13":0,"14":0,"15":0,"16":0,"17":0,"18":0,"19":0,"20":0,"21":4,"22":0,"23":0},"fnMap":{"1":{"name":"isListed","line":132,"loc":{"start":{"line":132,"column":4},"end":{"line":140,"column":4}}},"2":{"name":"notListed","line":142,"loc":{"start":{"line":142,"column":4},"end":{"line":150,"column":4}}},"3":{"name":"validListing","line":152,"loc":{"start":{"line":152,"column":4},"end":{"line":174,"column":4}}},"4":{"name":"offerExists","line":176,"loc":{"start":{"line":176,"column":4},"end":{"line":187,"column":4}}},"5":{"name":"offerNotExists","line":189,"loc":{"start":{"line":189,"column":4},"end":{"line":200,"column":4}}},"6":{"name":"initialize","line":205,"loc":{"start":{"line":203,"column":4},"end":{"line":212,"column":4}}},"7":{"name":"listItem","line":228,"loc":{"start":{"line":221,"column":4},"end":{"line":276,"column":4}}},"8":{"name":"cancelListing","line":282,"loc":{"start":{"line":279,"column":4},"end":{"line":285,"column":4}}},"9":{"name":"updateListing","line":297,"loc":{"start":{"line":292,"column":4},"end":{"line":334,"column":4}}},"10":{"name":"buyItem","line":348,"loc":{"start":{"line":339,"column":4},"end":{"line":358,"column":4}}},"11":{"name":"buyItemWithERC20","line":372,"loc":{"start":{"line":363,"column":4},"end":{"line":378,"column":4}}},"12":{"name":"_buyItem","line":380,"loc":{"start":{"line":380,"column":4},"end":{"line":485,"column":4}}},"13":{"name":"createOffer","line":501,"loc":{"start":{"line":494,"column":4},"end":{"line":533,"column":4}}},"14":{"name":"cancelOffer","line":540,"loc":{"start":{"line":538,"column":4},"end":{"line":544,"column":4}}},"15":{"name":"acceptOffer","line":554,"loc":{"start":{"line":550,"column":4},"end":{"line":627,"column":4}}},"16":{"name":"registerRoyalty","line":633,"loc":{"start":{"line":633,"column":4},"end":{"line":659,"column":4}}},"17":{"name":"registerCollectionRoyalty","line":669,"loc":{"start":{"line":664,"column":4},"end":{"line":686,"column":4}}},"18":{"name":"_isOctaNFT","line":688,"loc":{"start":{"line":688,"column":4},"end":{"line":690,"column":4}}},"19":{"name":"updatePlatformFee","line":697,"loc":{"start":{"line":697,"column":4},"end":{"line":700,"column":4}}},"20":{"name":"updatePlatformFeeRecipient","line":709,"loc":{"start":{"line":707,"column":4},"end":{"line":713,"column":4}}},"21":{"name":"updateAddressRegistry","line":719,"loc":{"start":{"line":719,"column":4},"end":{"line":721,"column":4}}},"22":{"name":"_getNow","line":725,"loc":{"start":{"line":725,"column":4},"end":{"line":727,"column":4}}},"23":{"name":"_cancelListing","line":729,"loc":{"start":{"line":729,"column":4},"end":{"line":752,"column":4}}}},"statementMap":{"1":{"start":{"line":137,"column":8},"end":{"line":137,"column":72}},"2":{"start":{"line":138,"column":8},"end":{"line":138,"column":55}},"3":{"start":{"line":147,"column":8},"end":{"line":147,"column":72}},"4":{"start":{"line":148,"column":8},"end":{"line":148,"column":55}},"5":{"start":{"line":157,"column":8},"end":{"line":157,"column":75}},"6":{"start":{"line":158,"column":8},"end":{"line":158,"column":4643}},"7":{"start":{"line":159,"column":12},"end":{"line":159,"column":46}},"8":{"start":{"line":160,"column":12},"end":{"line":160,"column":70}},"9":{"start":{"line":161,"column":15},"end":{"line":161,"column":4846}},"10":{"start":{"line":164,"column":12},"end":{"line":164,"column":48}},"11":{"start":{"line":165,"column":12},"end":{"line":165,"column":5002}},"12":{"start":{"line":170,"column":12},"end":{"line":170,"column":40}},"13":{"start":{"line":172,"column":8},"end":{"line":172,"column":72}},"14":{"start":{"line":181,"column":8},"end":{"line":181,"column":68}},"15":{"start":{"line":182,"column":8},"end":{"line":182,"column":5483}},"16":{"start":{"line":194,"column":8},"end":{"line":194,"column":68}},"17":{"start":{"line":195,"column":8},"end":{"line":195,"column":5820}},"18":{"start":{"line":207,"column":8},"end":{"line":207,"column":33}},"19":{"start":{"line":208,"column":8},"end":{"line":208,"column":36}},"20":{"start":{"line":210,"column":8},"end":{"line":210,"column":23}},"21":{"start":{"line":211,"column":8},"end":{"line":211,"column":31}},"22":{"start":{"line":229,"column":8},"end":{"line":229,"column":6896}},"23":{"start":{"line":230,"column":12},"end":{"line":230,"column":46}},"24":{"start":{"line":231,"column":12},"end":{"line":231,"column":76}},"25":{"start":{"line":232,"column":12},"end":{"line":232,"column":7106}},"26":{"start":{"line":236,"column":15},"end":{"line":236,"column":7244}},"27":{"start":{"line":239,"column":12},"end":{"line":239,"column":48}},"28":{"start":{"line":240,"column":12},"end":{"line":240,"column":7400}},"29":{"start":{"line":244,"column":12},"end":{"line":244,"column":7544}},"30":{"start":{"line":249,"column":12},"end":{"line":249,"column":40}},"31":{"start":{"line":252,"column":8},"end":{"line":252,"column":7746}},"32":{"start":{"line":261,"column":8},"end":{"line":261,"column":8051}},"33":{"start":{"line":267,"column":8},"end":{"line":267,"column":8227}},"34":{"start":{"line":284,"column":8},"end":{"line":284,"column":58}},"35":{"start":{"line":298,"column":8},"end":{"line":298,"column":9166}},"36":{"start":{"line":301,"column":8},"end":{"line":301,"column":9271}},"37":{"start":{"line":302,"column":12},"end":{"line":302,"column":46}},"38":{"start":{"line":303,"column":12},"end":{"line":303,"column":76}},"39":{"start":{"line":304,"column":15},"end":{"line":304,"column":9480}},"40":{"start":{"line":307,"column":12},"end":{"line":307,"column":48}},"41":{"start":{"line":308,"column":12},"end":{"line":308,"column":9636}},"42":{"start":{"line":313,"column":12},"end":{"line":313,"column":40}},"43":{"start":{"line":316,"column":8},"end":{"line":316,"column":9847}},"44":{"start":{"line":325,"column":8},"end":{"line":325,"column":38}},"45":{"start":{"line":326,"column":8},"end":{"line":326,"column":42}},"46":{"start":{"line":327,"column":8},"end":{"line":327,"column":10239}},"47":{"start":{"line":350,"column":8},"end":{"line":350,"column":75}},"48":{"start":{"line":351,"column":8},"end":{"line":351,"column":70}},"49":{"start":{"line":352,"column":8},"end":{"line":352,"column":10949}},"50":{"start":{"line":357,"column":8},"end":{"line":357,"column":58}},"51":{"start":{"line":374,"column":8},"end":{"line":374,"column":75}},"52":{"start":{"line":375,"column":8},"end":{"line":375,"column":69}},"53":{"start":{"line":377,"column":8},"end":{"line":377,"column":57}},"54":{"start":{"line":386,"column":8},"end":{"line":386,"column":75}},"55":{"start":{"line":388,"column":8},"end":{"line":388,"column":72}},"56":{"start":{"line":389,"column":8},"end":{"line":389,"column":59}},"57":{"start":{"line":390,"column":8},"end":{"line":390,"column":12148}},"58":{"start":{"line":391,"column":12},"end":{"line":391,"column":12196}},"59":{"start":{"line":394,"column":12},"end":{"line":394,"column":61}},"60":{"start":{"line":396,"column":12},"end":{"line":396,"column":12390}},"61":{"start":{"line":403,"column":8},"end":{"line":403,"column":55}},"62":{"start":{"line":404,"column":8},"end":{"line":404,"column":57}},"63":{"start":{"line":405,"column":8},"end":{"line":405,"column":12659}},"64":{"start":{"line":406,"column":12},"end":{"line":406,"column":77}},"65":{"start":{"line":407,"column":12},"end":{"line":407,"column":12798}},"66":{"start":{"line":408,"column":16},"end":{"line":408,"column":12854}},"67":{"start":{"line":411,"column":16},"end":{"line":411,"column":77}},"68":{"start":{"line":413,"column":16},"end":{"line":413,"column":13083}},"69":{"start":{"line":419,"column":12},"end":{"line":419,"column":48}},"70":{"start":{"line":421,"column":12},"end":{"line":421,"column":65}},"71":{"start":{"line":422,"column":12},"end":{"line":422,"column":61}},"72":{"start":{"line":423,"column":12},"end":{"line":423,"column":13453}},"73":{"start":{"line":424,"column":16},"end":{"line":424,"column":13518}},"74":{"start":{"line":427,"column":16},"end":{"line":427,"column":13638}},"75":{"start":{"line":428,"column":20},"end":{"line":428,"column":13698}},"76":{"start":{"line":431,"column":20},"end":{"line":431,"column":13838}},"77":{"start":{"line":436,"column":20},"end":{"line":436,"column":14017}},"78":{"start":{"line":442,"column":16},"end":{"line":442,"column":52}},"79":{"start":{"line":445,"column":8},"end":{"line":445,"column":14274}},"80":{"start":{"line":446,"column":12},"end":{"line":446,"column":14326}},"81":{"start":{"line":449,"column":12},"end":{"line":449,"column":65}},"82":{"start":{"line":451,"column":12},"end":{"line":451,"column":14526}},"83":{"start":{"line":459,"column":8},"end":{"line":459,"column":14716}},"84":{"start":{"line":460,"column":12},"end":{"line":460,"column":14799}},"85":{"start":{"line":466,"column":12},"end":{"line":466,"column":14961}},"86":{"start":{"line":475,"column":8},"end":{"line":475,"column":15175}},"87":{"start":{"line":502,"column":8},"end":{"line":502,"column":16013}},"88":{"start":{"line":507,"column":8},"end":{"line":507,"column":59}},"89":{"start":{"line":508,"column":8},"end":{"line":508,"column":16290}},"90":{"start":{"line":517,"column":8},"end":{"line":517,"column":16613}},"91":{"start":{"line":524,"column":8},"end":{"line":524,"column":16782}},"92":{"start":{"line":543,"column":8},"end":{"line":543,"column":63}},"93":{"start":{"line":555,"column":8},"end":{"line":555,"column":68}},"94":{"start":{"line":556,"column":8},"end":{"line":556,"column":17832}},"95":{"start":{"line":557,"column":12},"end":{"line":557,"column":46}},"96":{"start":{"line":558,"column":12},"end":{"line":558,"column":76}},"97":{"start":{"line":559,"column":15},"end":{"line":559,"column":18041}},"98":{"start":{"line":562,"column":12},"end":{"line":562,"column":48}},"99":{"start":{"line":563,"column":12},"end":{"line":563,"column":18197}},"100":{"start":{"line":568,"column":12},"end":{"line":568,"column":40}},"101":{"start":{"line":571,"column":8},"end":{"line":571,"column":62}},"102":{"start":{"line":572,"column":8},"end":{"line":572,"column":59}},"103":{"start":{"line":573,"column":8},"end":{"line":573,"column":26}},"104":{"start":{"line":575,"column":8},"end":{"line":575,"column":74}},"105":{"start":{"line":576,"column":8},"end":{"line":576,"column":55}},"106":{"start":{"line":577,"column":8},"end":{"line":577,"column":57}},"107":{"start":{"line":578,"column":8},"end":{"line":578,"column":18750}},"108":{"start":{"line":579,"column":12},"end":{"line":579,"column":68}},"109":{"start":{"line":580,"column":12},"end":{"line":580,"column":72}},"110":{"start":{"line":581,"column":12},"end":{"line":581,"column":48}},"111":{"start":{"line":583,"column":12},"end":{"line":583,"column":65}},"112":{"start":{"line":584,"column":12},"end":{"line":584,"column":61}},"113":{"start":{"line":585,"column":12},"end":{"line":585,"column":19156}},"114":{"start":{"line":586,"column":16},"end":{"line":586,"column":72}},"115":{"start":{"line":587,"column":16},"end":{"line":587,"column":76}},"116":{"start":{"line":588,"column":16},"end":{"line":588,"column":52}},"117":{"start":{"line":591,"column":8},"end":{"line":591,"column":19437}},"118":{"start":{"line":598,"column":8},"end":{"line":598,"column":19604}},"119":{"start":{"line":599,"column":12},"end":{"line":599,"column":19687}},"120":{"start":{"line":605,"column":12},"end":{"line":605,"column":19851}},"121":{"start":{"line":617,"column":8},"end":{"line":617,"column":20185}},"122":{"start":{"line":626,"column":8},"end":{"line":626,"column":59}},"123":{"start":{"line":638,"column":8},"end":{"line":638,"column":52}},"124":{"start":{"line":639,"column":8},"end":{"line":639,"column":62}},"125":{"start":{"line":640,"column":8},"end":{"line":640,"column":20878}},"126":{"start":{"line":641,"column":12},"end":{"line":641,"column":46}},"127":{"start":{"line":642,"column":12},"end":{"line":642,"column":76}},"128":{"start":{"line":643,"column":15},"end":{"line":643,"column":21087}},"129":{"start":{"line":646,"column":12},"end":{"line":646,"column":48}},"130":{"start":{"line":647,"column":12},"end":{"line":647,"column":21243}},"131":{"start":{"line":653,"column":8},"end":{"line":653,"column":21375}},"132":{"start":{"line":657,"column":8},"end":{"line":657,"column":52}},"133":{"start":{"line":658,"column":8},"end":{"line":658,"column":50}},"134":{"start":{"line":670,"column":8},"end":{"line":670,"column":65}},"135":{"start":{"line":671,"column":8},"end":{"line":671,"column":52}},"136":{"start":{"line":672,"column":8},"end":{"line":672,"column":22033}},"137":{"start":{"line":676,"column":8},"end":{"line":676,"column":63}},"138":{"start":{"line":677,"column":8},"end":{"line":677,"column":22229}},"139":{"start":{"line":681,"column":8},"end":{"line":681,"column":22359}},"140":{"start":{"line":689,"column":8},"end":{"line":689,"column":77}},"141":{"start":{"line":698,"column":8},"end":{"line":698,"column":33}},"142":{"start":{"line":699,"column":8},"end":{"line":699,"column":44}},"143":{"start":{"line":711,"column":8},"end":{"line":711,"column":44}},"144":{"start":{"line":712,"column":8},"end":{"line":712,"column":62}},"145":{"start":{"line":720,"column":8},"end":{"line":720,"column":56}},"146":{"start":{"line":726,"column":8},"end":{"line":726,"column":30}},"147":{"start":{"line":734,"column":8},"end":{"line":734,"column":75}},"148":{"start":{"line":735,"column":8},"end":{"line":735,"column":23946}},"149":{"start":{"line":736,"column":12},"end":{"line":736,"column":46}},"150":{"start":{"line":737,"column":12},"end":{"line":737,"column":70}},"151":{"start":{"line":738,"column":15},"end":{"line":738,"column":24149}},"152":{"start":{"line":741,"column":12},"end":{"line":741,"column":48}},"153":{"start":{"line":742,"column":12},"end":{"line":742,"column":24305}},"154":{"start":{"line":747,"column":12},"end":{"line":747,"column":40}},"155":{"start":{"line":751,"column":8},"end":{"line":751,"column":56}}},"branchMap":{"1":{"line":138,"type":"if","locations":[{"start":{"line":138,"column":8},"end":{"line":138,"column":8}},{"start":{"line":138,"column":8},"end":{"line":138,"column":8}}]},"2":{"line":148,"type":"if","locations":[{"start":{"line":148,"column":8},"end":{"line":148,"column":8}},{"start":{"line":148,"column":8},"end":{"line":148,"column":8}}]},"3":{"line":158,"type":"if","locations":[{"start":{"line":158,"column":8},"end":{"line":158,"column":8}},{"start":{"line":158,"column":8},"end":{"line":158,"column":8}}]},"4":{"line":160,"type":"if","locations":[{"start":{"line":160,"column":12},"end":{"line":160,"column":12}},{"start":{"line":160,"column":12},"end":{"line":160,"column":12}}]},"5":{"line":161,"type":"if","locations":[{"start":{"line":161,"column":15},"end":{"line":161,"column":15}},{"start":{"line":161,"column":15},"end":{"line":161,"column":15}}]},"6":{"line":165,"type":"if","locations":[{"start":{"line":165,"column":12},"end":{"line":165,"column":12}},{"start":{"line":165,"column":12},"end":{"line":165,"column":12}}]},"7":{"line":172,"type":"if","locations":[{"start":{"line":172,"column":8},"end":{"line":172,"column":8}},{"start":{"line":172,"column":8},"end":{"line":172,"column":8}}]},"8":{"line":182,"type":"if","locations":[{"start":{"line":182,"column":8},"end":{"line":182,"column":8}},{"start":{"line":182,"column":8},"end":{"line":182,"column":8}}]},"9":{"line":195,"type":"if","locations":[{"start":{"line":195,"column":8},"end":{"line":195,"column":8}},{"start":{"line":195,"column":8},"end":{"line":195,"column":8}}]},"10":{"line":229,"type":"if","locations":[{"start":{"line":229,"column":8},"end":{"line":229,"column":8}},{"start":{"line":229,"column":8},"end":{"line":229,"column":8}}]},"11":{"line":231,"type":"if","locations":[{"start":{"line":231,"column":12},"end":{"line":231,"column":12}},{"start":{"line":231,"column":12},"end":{"line":231,"column":12}}]},"12":{"line":232,"type":"if","locations":[{"start":{"line":232,"column":12},"end":{"line":232,"column":12}},{"start":{"line":232,"column":12},"end":{"line":232,"column":12}}]},"13":{"line":236,"type":"if","locations":[{"start":{"line":236,"column":15},"end":{"line":236,"column":15}},{"start":{"line":236,"column":15},"end":{"line":236,"column":15}}]},"14":{"line":240,"type":"if","locations":[{"start":{"line":240,"column":12},"end":{"line":240,"column":12}},{"start":{"line":240,"column":12},"end":{"line":240,"column":12}}]},"15":{"line":244,"type":"if","locations":[{"start":{"line":244,"column":12},"end":{"line":244,"column":12}},{"start":{"line":244,"column":12},"end":{"line":244,"column":12}}]},"16":{"line":252,"type":"if","locations":[{"start":{"line":252,"column":8},"end":{"line":252,"column":8}},{"start":{"line":252,"column":8},"end":{"line":252,"column":8}}]},"17":{"line":301,"type":"if","locations":[{"start":{"line":301,"column":8},"end":{"line":301,"column":8}},{"start":{"line":301,"column":8},"end":{"line":301,"column":8}}]},"18":{"line":303,"type":"if","locations":[{"start":{"line":303,"column":12},"end":{"line":303,"column":12}},{"start":{"line":303,"column":12},"end":{"line":303,"column":12}}]},"19":{"line":304,"type":"if","locations":[{"start":{"line":304,"column":15},"end":{"line":304,"column":15}},{"start":{"line":304,"column":15},"end":{"line":304,"column":15}}]},"20":{"line":308,"type":"if","locations":[{"start":{"line":308,"column":12},"end":{"line":308,"column":12}},{"start":{"line":308,"column":12},"end":{"line":308,"column":12}}]},"21":{"line":316,"type":"if","locations":[{"start":{"line":316,"column":8},"end":{"line":316,"column":8}},{"start":{"line":316,"column":8},"end":{"line":316,"column":8}}]},"22":{"line":351,"type":"if","locations":[{"start":{"line":351,"column":8},"end":{"line":351,"column":8}},{"start":{"line":351,"column":8},"end":{"line":351,"column":8}}]},"23":{"line":352,"type":"if","locations":[{"start":{"line":352,"column":8},"end":{"line":352,"column":8}},{"start":{"line":352,"column":8},"end":{"line":352,"column":8}}]},"24":{"line":375,"type":"if","locations":[{"start":{"line":375,"column":8},"end":{"line":375,"column":8}},{"start":{"line":375,"column":8},"end":{"line":375,"column":8}}]},"25":{"line":390,"type":"if","locations":[{"start":{"line":390,"column":8},"end":{"line":390,"column":8}},{"start":{"line":390,"column":8},"end":{"line":390,"column":8}}]},"26":{"line":394,"type":"if","locations":[{"start":{"line":394,"column":12},"end":{"line":394,"column":12}},{"start":{"line":394,"column":12},"end":{"line":394,"column":12}}]},"27":{"line":405,"type":"if","locations":[{"start":{"line":405,"column":8},"end":{"line":405,"column":8}},{"start":{"line":405,"column":8},"end":{"line":405,"column":8}}]},"28":{"line":407,"type":"if","locations":[{"start":{"line":407,"column":12},"end":{"line":407,"column":12}},{"start":{"line":407,"column":12},"end":{"line":407,"column":12}}]},"29":{"line":411,"type":"if","locations":[{"start":{"line":411,"column":16},"end":{"line":411,"column":16}},{"start":{"line":411,"column":16},"end":{"line":411,"column":16}}]},"30":{"line":423,"type":"if","locations":[{"start":{"line":423,"column":12},"end":{"line":423,"column":12}},{"start":{"line":423,"column":12},"end":{"line":423,"column":12}}]},"31":{"line":427,"type":"if","locations":[{"start":{"line":427,"column":16},"end":{"line":427,"column":16}},{"start":{"line":427,"column":16},"end":{"line":427,"column":16}}]},"32":{"line":431,"type":"if","locations":[{"start":{"line":431,"column":20},"end":{"line":431,"column":20}},{"start":{"line":431,"column":20},"end":{"line":431,"column":20}}]},"33":{"line":445,"type":"if","locations":[{"start":{"line":445,"column":8},"end":{"line":445,"column":8}},{"start":{"line":445,"column":8},"end":{"line":445,"column":8}}]},"34":{"line":449,"type":"if","locations":[{"start":{"line":449,"column":12},"end":{"line":449,"column":12}},{"start":{"line":449,"column":12},"end":{"line":449,"column":12}}]},"35":{"line":459,"type":"if","locations":[{"start":{"line":459,"column":8},"end":{"line":459,"column":8}},{"start":{"line":459,"column":8},"end":{"line":459,"column":8}}]},"36":{"line":502,"type":"if","locations":[{"start":{"line":502,"column":8},"end":{"line":502,"column":8}},{"start":{"line":502,"column":8},"end":{"line":502,"column":8}}]},"37":{"line":507,"type":"if","locations":[{"start":{"line":507,"column":8},"end":{"line":507,"column":8}},{"start":{"line":507,"column":8},"end":{"line":507,"column":8}}]},"38":{"line":508,"type":"if","locations":[{"start":{"line":508,"column":8},"end":{"line":508,"column":8}},{"start":{"line":508,"column":8},"end":{"line":508,"column":8}}]},"39":{"line":556,"type":"if","locations":[{"start":{"line":556,"column":8},"end":{"line":556,"column":8}},{"start":{"line":556,"column":8},"end":{"line":556,"column":8}}]},"40":{"line":558,"type":"if","locations":[{"start":{"line":558,"column":12},"end":{"line":558,"column":12}},{"start":{"line":558,"column":12},"end":{"line":558,"column":12}}]},"41":{"line":559,"type":"if","locations":[{"start":{"line":559,"column":15},"end":{"line":559,"column":15}},{"start":{"line":559,"column":15},"end":{"line":559,"column":15}}]},"42":{"line":563,"type":"if","locations":[{"start":{"line":563,"column":12},"end":{"line":563,"column":12}},{"start":{"line":563,"column":12},"end":{"line":563,"column":12}}]},"43":{"line":578,"type":"if","locations":[{"start":{"line":578,"column":8},"end":{"line":578,"column":8}},{"start":{"line":578,"column":8},"end":{"line":578,"column":8}}]},"44":{"line":585,"type":"if","locations":[{"start":{"line":585,"column":12},"end":{"line":585,"column":12}},{"start":{"line":585,"column":12},"end":{"line":585,"column":12}}]},"45":{"line":598,"type":"if","locations":[{"start":{"line":598,"column":8},"end":{"line":598,"column":8}},{"start":{"line":598,"column":8},"end":{"line":598,"column":8}}]},"46":{"line":638,"type":"if","locations":[{"start":{"line":638,"column":8},"end":{"line":638,"column":8}},{"start":{"line":638,"column":8},"end":{"line":638,"column":8}}]},"47":{"line":639,"type":"if","locations":[{"start":{"line":639,"column":8},"end":{"line":639,"column":8}},{"start":{"line":639,"column":8},"end":{"line":639,"column":8}}]},"48":{"line":640,"type":"if","locations":[{"start":{"line":640,"column":8},"end":{"line":640,"column":8}},{"start":{"line":640,"column":8},"end":{"line":640,"column":8}}]},"49":{"line":642,"type":"if","locations":[{"start":{"line":642,"column":12},"end":{"line":642,"column":12}},{"start":{"line":642,"column":12},"end":{"line":642,"column":12}}]},"50":{"line":643,"type":"if","locations":[{"start":{"line":643,"column":15},"end":{"line":643,"column":15}},{"start":{"line":643,"column":15},"end":{"line":643,"column":15}}]},"51":{"line":647,"type":"if","locations":[{"start":{"line":647,"column":12},"end":{"line":647,"column":12}},{"start":{"line":647,"column":12},"end":{"line":647,"column":12}}]},"52":{"line":653,"type":"if","locations":[{"start":{"line":653,"column":8},"end":{"line":653,"column":8}},{"start":{"line":653,"column":8},"end":{"line":653,"column":8}}]},"53":{"line":670,"type":"if","locations":[{"start":{"line":670,"column":8},"end":{"line":670,"column":8}},{"start":{"line":670,"column":8},"end":{"line":670,"column":8}}]},"54":{"line":671,"type":"if","locations":[{"start":{"line":671,"column":8},"end":{"line":671,"column":8}},{"start":{"line":671,"column":8},"end":{"line":671,"column":8}}]},"55":{"line":672,"type":"if","locations":[{"start":{"line":672,"column":8},"end":{"line":672,"column":8}},{"start":{"line":672,"column":8},"end":{"line":672,"column":8}}]},"56":{"line":676,"type":"if","locations":[{"start":{"line":676,"column":8},"end":{"line":676,"column":8}},{"start":{"line":676,"column":8},"end":{"line":676,"column":8}}]},"57":{"line":677,"type":"if","locations":[{"start":{"line":677,"column":8},"end":{"line":677,"column":8}},{"start":{"line":677,"column":8},"end":{"line":677,"column":8}}]},"58":{"line":735,"type":"if","locations":[{"start":{"line":735,"column":8},"end":{"line":735,"column":8}},{"start":{"line":735,"column":8},"end":{"line":735,"column":8}}]},"59":{"line":737,"type":"if","locations":[{"start":{"line":737,"column":12},"end":{"line":737,"column":12}},{"start":{"line":737,"column":12},"end":{"line":737,"column":12}}]},"60":{"line":738,"type":"if","locations":[{"start":{"line":738,"column":15},"end":{"line":738,"column":15}},{"start":{"line":738,"column":15},"end":{"line":738,"column":15}}]},"61":{"line":742,"type":"if","locations":[{"start":{"line":742,"column":12},"end":{"line":742,"column":12}},{"start":{"line":742,"column":12},"end":{"line":742,"column":12}}]}}},"contracts/OctaNFT.sol":{"l":{"41":4,"42":4,"43":4,"44":4,"53":0,"54":0,"66":0,"67":0,"75":4,"77":4,"78":4,"80":4,"81":4,"84":4,"85":4,"87":4,"96":0,"97":0,"103":0,"114":0,"129":0,"130":0,"133":0,"145":0,"149":0,"150":0,"151":0,"161":4,"168":0,"177":0,"186":4},"path":"/Users/Zohaib/octa/octa-contracts/contracts/OctaNFT.sol","s":{"1":4,"2":4,"3":4,"4":4,"5":0,"6":0,"7":0,"8":0,"9":4,"10":4,"11":4,"12":4,"13":4,"14":4,"15":4,"16":4,"17":0,"18":0,"19":0,"20":0,"21":0,"22":0,"23":0,"24":0,"25":0,"26":0,"27":0,"28":0,"29":4,"30":0,"31":0,"32":4},"b":{"1":[4,0],"2":[4,0],"3":[0,0],"4":[0,0],"5":[0,0],"6":[0,0]},"f":{"1":4,"2":0,"3":0,"4":4,"5":0,"6":0,"7":0,"8":0,"9":4,"10":0,"11":0,"12":4},"fnMap":{"1":{"name":"constructor","line":40,"loc":{"start":{"line":33,"column":4},"end":{"line":45,"column":4}}},"2":{"name":"updatePlatformFee","line":52,"loc":{"start":{"line":52,"column":4},"end":{"line":55,"column":4}}},"3":{"name":"updateFeeRecipient","line":64,"loc":{"start":{"line":62,"column":4},"end":{"line":68,"column":4}}},"4":{"name":"mint","line":74,"loc":{"start":{"line":74,"column":4},"end":{"line":88,"column":4}}},"5":{"name":"burn","line":95,"loc":{"start":{"line":95,"column":4},"end":{"line":104,"column":4}}},"6":{"name":"isApproved","line":109,"loc":{"start":{"line":109,"column":4},"end":{"line":117,"column":4}}},"7":{"name":"isApprovedForAll","line":122,"loc":{"start":{"line":122,"column":4},"end":{"line":134,"column":4}}},"8":{"name":"_isApprovedOrOwner","line":139,"loc":{"start":{"line":139,"column":4},"end":{"line":152,"column":4}}},"9":{"name":"_beforeTokenTransfer","line":156,"loc":{"start":{"line":156,"column":4},"end":{"line":162,"column":4}}},"10":{"name":"_burn","line":164,"loc":{"start":{"line":164,"column":4},"end":{"line":169,"column":4}}},"11":{"name":"tokenURI","line":171,"loc":{"start":{"line":171,"column":4},"end":{"line":178,"column":4}}},"12":{"name":"supportsInterface","line":180,"loc":{"start":{"line":180,"column":4},"end":{"line":187,"column":4}}}},"statementMap":{"1":{"start":{"line":41,"column":8},"end":{"line":41,"column":25}},"2":{"start":{"line":42,"column":8},"end":{"line":42,"column":33}},"3":{"start":{"line":43,"column":8},"end":{"line":43,"column":33}},"4":{"start":{"line":44,"column":8},"end":{"line":44,"column":37}},"5":{"start":{"line":53,"column":8},"end":{"line":53,"column":33}},"6":{"start":{"line":54,"column":8},"end":{"line":54,"column":44}},"7":{"start":{"line":66,"column":8},"end":{"line":66,"column":37}},"8":{"start":{"line":67,"column":8},"end":{"line":67,"column":47}},"9":{"start":{"line":75,"column":8},"end":{"line":75,"column":71}},"10":{"start":{"line":77,"column":8},"end":{"line":77,"column":28}},"11":{"start":{"line":78,"column":8},"end":{"line":78,"column":48}},"12":{"start":{"line":80,"column":8},"end":{"line":80,"column":33}},"13":{"start":{"line":81,"column":8},"end":{"line":81,"column":42}},"14":{"start":{"line":84,"column":8},"end":{"line":84,"column":67}},"15":{"start":{"line":85,"column":8},"end":{"line":85,"column":42}},"16":{"start":{"line":87,"column":8},"end":{"line":87,"column":61}},"17":{"start":{"line":96,"column":8},"end":{"line":96,"column":39}},"18":{"start":{"line":97,"column":8},"end":{"line":97,"column":3101}},"19":{"start":{"line":103,"column":8},"end":{"line":103,"column":22}},"20":{"start":{"line":114,"column":8},"end":{"line":114,"column":3578}},"21":{"start":{"line":129,"column":8},"end":{"line":129,"column":3990}},"22":{"start":{"line":130,"column":12},"end":{"line":130,"column":23}},"23":{"start":{"line":133,"column":8},"end":{"line":133,"column":54}},"24":{"start":{"line":145,"column":8},"end":{"line":145,"column":4401}},"25":{"start":{"line":149,"column":8},"end":{"line":149,"column":47}},"26":{"start":{"line":150,"column":8},"end":{"line":150,"column":57}},"27":{"start":{"line":150,"column":46},"end":{"line":150,"column":57}},"28":{"start":{"line":151,"column":8},"end":{"line":151,"column":57}},"29":{"start":{"line":161,"column":8},"end":{"line":161,"column":52}},"30":{"start":{"line":168,"column":8},"end":{"line":168,"column":27}},"31":{"start":{"line":177,"column":8},"end":{"line":177,"column":38}},"32":{"start":{"line":186,"column":8},"end":{"line":186,"column":51}}},"branchMap":{"1":{"line":75,"type":"if","locations":[{"start":{"line":75,"column":8},"end":{"line":75,"column":8}},{"start":{"line":75,"column":8},"end":{"line":75,"column":8}}]},"2":{"line":85,"type":"if","locations":[{"start":{"line":85,"column":8},"end":{"line":85,"column":8}},{"start":{"line":85,"column":8},"end":{"line":85,"column":8}}]},"3":{"line":97,"type":"if","locations":[{"start":{"line":97,"column":8},"end":{"line":97,"column":8}},{"start":{"line":97,"column":8},"end":{"line":97,"column":8}}]},"4":{"line":129,"type":"if","locations":[{"start":{"line":129,"column":8},"end":{"line":129,"column":8}},{"start":{"line":129,"column":8},"end":{"line":129,"column":8}}]},"5":{"line":145,"type":"if","locations":[{"start":{"line":145,"column":8},"end":{"line":145,"column":8}},{"start":{"line":145,"column":8},"end":{"line":145,"column":8}}]},"6":{"line":150,"type":"if","locations":[{"start":{"line":150,"column":8},"end":{"line":150,"column":8}},{"start":{"line":150,"column":8},"end":{"line":150,"column":8}}]}}},"contracts/OctaNFTFactory.sol":{"l":{"40":4,"41":4,"42":4,"43":4,"44":4,"53":0,"62":0,"71":0,"80":0,"92":0,"103":0,"104":0,"105":0,"107":0,"115":0,"116":0,"117":0,"118":0,"127":0,"131":0,"137":0,"138":0,"147":0,"148":0,"149":0},"path":"/Users/Zohaib/octa/octa-contracts/contracts/OctaNFTFactory.sol","s":{"1":4,"2":4,"3":4,"4":4,"5":4,"6":0,"7":0,"8":0,"9":0,"10":0,"11":0,"12":0,"13":0,"14":0,"15":0,"16":0,"17":0,"18":0,"19":0,"20":0,"21":0,"22":0,"23":0,"24":0,"25":0},"b":{"1":[0,0],"2":[0,0],"3":[0,0],"4":[0,0],"5":[0,0]},"f":{"1":4,"2":0,"3":0,"4":0,"5":0,"6":0,"7":0,"8":0,"9":0},"fnMap":{"1":{"name":"constructor","line":33,"loc":{"start":{"line":33,"column":4},"end":{"line":45,"column":4}}},"2":{"name":"updateAuction","line":52,"loc":{"start":{"line":52,"column":4},"end":{"line":54,"column":4}}},"3":{"name":"updateMarketplace","line":61,"loc":{"start":{"line":61,"column":4},"end":{"line":63,"column":4}}},"4":{"name":"updateMintFee","line":70,"loc":{"start":{"line":70,"column":4},"end":{"line":72,"column":4}}},"5":{"name":"updatePlatformFee","line":79,"loc":{"start":{"line":79,"column":4},"end":{"line":81,"column":4}}},"6":{"name":"updateFeeRecipient","line":90,"loc":{"start":{"line":88,"column":4},"end":{"line":93,"column":4}}},"7":{"name":"createNFTContract","line":98,"loc":{"start":{"line":98,"column":4},"end":{"line":119,"column":4}}},"8":{"name":"registerTokenContract","line":125,"loc":{"start":{"line":123,"column":4},"end":{"line":139,"column":4}}},"9":{"name":"disableTokenContract","line":145,"loc":{"start":{"line":143,"column":4},"end":{"line":150,"column":4}}}},"statementMap":{"1":{"start":{"line":40,"column":8},"end":{"line":40,"column":25}},"2":{"start":{"line":41,"column":8},"end":{"line":41,"column":33}},"3":{"start":{"line":42,"column":8},"end":{"line":42,"column":25}},"4":{"start":{"line":43,"column":8},"end":{"line":43,"column":35}},"5":{"start":{"line":44,"column":8},"end":{"line":44,"column":33}},"6":{"start":{"line":53,"column":8},"end":{"line":53,"column":25}},"7":{"start":{"line":62,"column":8},"end":{"line":62,"column":33}},"8":{"start":{"line":71,"column":8},"end":{"line":71,"column":25}},"9":{"start":{"line":80,"column":8},"end":{"line":80,"column":33}},"10":{"start":{"line":92,"column":8},"end":{"line":92,"column":35}},"11":{"start":{"line":103,"column":8},"end":{"line":103,"column":63}},"12":{"start":{"line":104,"column":8},"end":{"line":104,"column":66}},"13":{"start":{"line":105,"column":8},"end":{"line":105,"column":42}},"14":{"start":{"line":107,"column":8},"end":{"line":107,"column":3004}},"15":{"start":{"line":115,"column":8},"end":{"line":115,"column":34}},"16":{"start":{"line":116,"column":8},"end":{"line":116,"column":42}},"17":{"start":{"line":117,"column":8},"end":{"line":117,"column":56}},"18":{"start":{"line":118,"column":8},"end":{"line":118,"column":27}},"19":{"start":{"line":127,"column":8},"end":{"line":127,"column":3589}},"20":{"start":{"line":131,"column":8},"end":{"line":131,"column":3706}},"21":{"start":{"line":137,"column":8},"end":{"line":137,"column":42}},"22":{"start":{"line":138,"column":8},"end":{"line":138,"column":64}},"23":{"start":{"line":147,"column":8},"end":{"line":147,"column":78}},"24":{"start":{"line":148,"column":8},"end":{"line":148,"column":43}},"25":{"start":{"line":149,"column":8},"end":{"line":149,"column":65}}},"branchMap":{"1":{"line":103,"type":"if","locations":[{"start":{"line":103,"column":8},"end":{"line":103,"column":8}},{"start":{"line":103,"column":8},"end":{"line":103,"column":8}}]},"2":{"line":105,"type":"if","locations":[{"start":{"line":105,"column":8},"end":{"line":105,"column":8}},{"start":{"line":105,"column":8},"end":{"line":105,"column":8}}]},"3":{"line":127,"type":"if","locations":[{"start":{"line":127,"column":8},"end":{"line":127,"column":8}},{"start":{"line":127,"column":8},"end":{"line":127,"column":8}}]},"4":{"line":131,"type":"if","locations":[{"start":{"line":131,"column":8},"end":{"line":131,"column":8}},{"start":{"line":131,"column":8},"end":{"line":131,"column":8}}]},"5":{"line":147,"type":"if","locations":[{"start":{"line":147,"column":8},"end":{"line":147,"column":8}},{"start":{"line":147,"column":8},"end":{"line":147,"column":8}}]}}},"contracts/OctaTokenRegistry.sol":{"l":{"20":4,"21":4,"22":4,"31":0,"32":0,"33":0},"path":"/Users/Zohaib/octa/octa-contracts/contracts/OctaTokenRegistry.sol","s":{"1":4,"2":4,"3":4,"4":0,"5":0,"6":0},"b":{"1":[4,0],"2":[0,0]},"f":{"1":4,"2":0},"fnMap":{"1":{"name":"add","line":19,"loc":{"start":{"line":19,"column":4},"end":{"line":23,"column":4}}},"2":{"name":"remove","line":30,"loc":{"start":{"line":30,"column":4},"end":{"line":34,"column":4}}}},"statementMap":{"1":{"start":{"line":20,"column":8},"end":{"line":20,"column":54}},"2":{"start":{"line":21,"column":8},"end":{"line":21,"column":28}},"3":{"start":{"line":22,"column":8},"end":{"line":22,"column":30}},"4":{"start":{"line":31,"column":8},"end":{"line":31,"column":49}},"5":{"start":{"line":32,"column":8},"end":{"line":32,"column":29}},"6":{"start":{"line":33,"column":8},"end":{"line":33,"column":32}}},"branchMap":{"1":{"line":20,"type":"if","locations":[{"start":{"line":20,"column":8},"end":{"line":20,"column":8}},{"start":{"line":20,"column":8},"end":{"line":20,"column":8}}]},"2":{"line":31,"type":"if","locations":[{"start":{"line":31,"column":8},"end":{"line":31,"column":8}},{"start":{"line":31,"column":8},"end":{"line":31,"column":8}}]}}},"contracts/proxy/AdminUpgradeabilityProxy.sol":{"l":{"17":0,"25":0,"40":0,"83":0,"84":0,"116":0,"118":0,"121":0,"141":0,"147":0,"148":0,"176":0,"190":0,"209":0,"230":0,"234":0,"243":0,"246":0,"249":0,"250":0,"253":0,"257":0,"262":0,"286":0,"290":0,"291":0,"292":0,"293":0,"316":0,"317":0,"327":0,"328":0,"336":0,"341":0,"343":0,"374":0,"377":0,"402":0,"403":0,"405":0,"413":0,"420":0,"429":0,"433":0,"434":0,"443":0,"460":0,"461":0,"462":0,"469":0,"470":0,"480":0,"482":0,"491":0,"495":0},"path":"/Users/Zohaib/octa/octa-contracts/contracts/proxy/AdminUpgradeabilityProxy.sol","s":{"1":0,"2":0,"3":0,"4":0,"5":0,"6":0,"7":0,"8":0,"9":0,"10":0,"11":0,"12":0,"13":0,"14":0,"15":0,"16":0,"17":0,"18":0,"19":0,"20":0,"21":0,"22":0,"23":0,"24":0,"25":0,"26":0,"27":0,"28":0,"29":0,"30":0,"31":0,"32":0,"33":0,"34":0,"35":0,"36":0,"37":0,"38":0,"39":0,"40":0,"41":0,"42":0,"43":0,"44":0,"45":0,"46":0},"b":{"1":[0,0],"2":[0,0],"3":[0,0],"4":[0,0],"5":[0,0],"6":[0,0],"7":[0,0],"8":[0,0],"9":[0,0],"10":[0,0],"11":[0,0],"12":[0,0],"13":[0,0]},"f":{"1":0,"2":0,"3":0,"4":0,"5":0,"6":0,"7":0,"8":0,"9":0,"10":0,"11":0,"12":0,"13":0,"14":0,"15":0,"16":0,"17":0,"18":0,"19":0,"20":0,"21":0,"22":0,"23":0,"24":0,"25":0},"fnMap":{"1":{"name":null,"line":16,"loc":{"start":{"line":16,"column":4},"end":{"line":18,"column":4}}},"2":{"name":"_delegate","line":39,"loc":{"start":{"line":39,"column":4},"end":{"line":69,"column":4}}},"3":{"name":"_willFallback","line":76,"loc":{"start":{"line":76,"column":4},"end":{"line":76,"column":47}}},"4":{"name":"_fallback","line":82,"loc":{"start":{"line":82,"column":4},"end":{"line":85,"column":4}}},"5":{"name":"isContract","line":111,"loc":{"start":{"line":111,"column":4},"end":{"line":122,"column":4}}},"6":{"name":"sendValue","line":140,"loc":{"start":{"line":140,"column":4},"end":{"line":152,"column":4}}},"7":{"name":"functionCall","line":172,"loc":{"start":{"line":172,"column":4},"end":{"line":177,"column":4}}},"8":{"name":"functionCall","line":185,"loc":{"start":{"line":185,"column":4},"end":{"line":191,"column":4}}},"9":{"name":"functionCallWithValue","line":204,"loc":{"start":{"line":204,"column":4},"end":{"line":216,"column":4}}},"10":{"name":"functionCallWithValue","line":224,"loc":{"start":{"line":224,"column":4},"end":{"line":235,"column":4}}},"11":{"name":"_functionCallWithValue","line":237,"loc":{"start":{"line":237,"column":4},"end":{"line":265,"column":4}}},"12":{"name":"constructor","line":285,"loc":{"start":{"line":285,"column":4},"end":{"line":295,"column":4}}},"13":{"name":"_implementation","line":315,"loc":{"start":{"line":315,"column":4},"end":{"line":320,"column":4}}},"14":{"name":"_upgradeTo","line":326,"loc":{"start":{"line":326,"column":4},"end":{"line":329,"column":4}}},"15":{"name":"_setImplementation","line":335,"loc":{"start":{"line":335,"column":4},"end":{"line":346,"column":4}}},"16":{"name":"constructor","line":373,"loc":{"start":{"line":369,"column":4},"end":{"line":378,"column":4}}},"17":{"name":"ifAdmin","line":401,"loc":{"start":{"line":401,"column":4},"end":{"line":407,"column":4}}},"18":{"name":"admin","line":412,"loc":{"start":{"line":412,"column":4},"end":{"line":414,"column":4}}},"19":{"name":"implementation","line":419,"loc":{"start":{"line":419,"column":4},"end":{"line":421,"column":4}}},"20":{"name":"changeAdmin","line":428,"loc":{"start":{"line":428,"column":4},"end":{"line":435,"column":4}}},"21":{"name":"upgradeTo","line":442,"loc":{"start":{"line":442,"column":4},"end":{"line":444,"column":4}}},"22":{"name":"upgradeToAndCall","line":458,"loc":{"start":{"line":455,"column":4},"end":{"line":463,"column":4}}},"23":{"name":"_admin","line":468,"loc":{"start":{"line":468,"column":4},"end":{"line":473,"column":4}}},"24":{"name":"_setAdmin","line":479,"loc":{"start":{"line":479,"column":4},"end":{"line":485,"column":4}}},"25":{"name":"_willFallback","line":490,"loc":{"start":{"line":490,"column":4},"end":{"line":496,"column":4}}}},"statementMap":{"1":{"start":{"line":17,"column":8},"end":{"line":17,"column":18}},"2":{"start":{"line":83,"column":8},"end":{"line":83,"column":22}},"3":{"start":{"line":84,"column":8},"end":{"line":84,"column":35}},"4":{"start":{"line":116,"column":8},"end":{"line":116,"column":20}},"5":{"start":{"line":121,"column":8},"end":{"line":121,"column":23}},"6":{"start":{"line":141,"column":8},"end":{"line":141,"column":4738}},"7":{"start":{"line":147,"column":8},"end":{"line":147,"column":60}},"8":{"start":{"line":148,"column":8},"end":{"line":148,"column":4995}},"9":{"start":{"line":176,"column":8},"end":{"line":176,"column":75}},"10":{"start":{"line":190,"column":8},"end":{"line":190,"column":68}},"11":{"start":{"line":209,"column":8},"end":{"line":209,"column":7014}},"12":{"start":{"line":230,"column":8},"end":{"line":230,"column":7637}},"13":{"start":{"line":234,"column":8},"end":{"line":234,"column":72}},"14":{"start":{"line":243,"column":8},"end":{"line":243,"column":67}},"15":{"start":{"line":246,"column":8},"end":{"line":246,"column":8162}},"16":{"start":{"line":249,"column":8},"end":{"line":249,"column":8269}},"17":{"start":{"line":250,"column":12},"end":{"line":250,"column":29}},"18":{"start":{"line":253,"column":12},"end":{"line":253,"column":8414}},"19":{"start":{"line":262,"column":16},"end":{"line":262,"column":35}},"20":{"start":{"line":286,"column":8},"end":{"line":286,"column":9776}},"21":{"start":{"line":290,"column":8},"end":{"line":290,"column":33}},"22":{"start":{"line":291,"column":8},"end":{"line":291,"column":9954}},"23":{"start":{"line":292,"column":12},"end":{"line":292,"column":57}},"24":{"start":{"line":293,"column":12},"end":{"line":293,"column":27}},"25":{"start":{"line":316,"column":8},"end":{"line":316,"column":42}},"26":{"start":{"line":327,"column":8},"end":{"line":327,"column":44}},"27":{"start":{"line":328,"column":8},"end":{"line":328,"column":40}},"28":{"start":{"line":336,"column":8},"end":{"line":336,"column":11451}},"29":{"start":{"line":341,"column":8},"end":{"line":341,"column":42}},"30":{"start":{"line":374,"column":8},"end":{"line":374,"column":12959}},"31":{"start":{"line":377,"column":8},"end":{"line":377,"column":31}},"32":{"start":{"line":402,"column":8},"end":{"line":402,"column":13899}},"33":{"start":{"line":405,"column":12},"end":{"line":405,"column":22}},"34":{"start":{"line":413,"column":8},"end":{"line":413,"column":23}},"35":{"start":{"line":420,"column":8},"end":{"line":420,"column":32}},"36":{"start":{"line":429,"column":8},"end":{"line":429,"column":14582}},"37":{"start":{"line":433,"column":8},"end":{"line":433,"column":45}},"38":{"start":{"line":434,"column":8},"end":{"line":434,"column":26}},"39":{"start":{"line":443,"column":8},"end":{"line":443,"column":36}},"40":{"start":{"line":460,"column":8},"end":{"line":460,"column":36}},"41":{"start":{"line":461,"column":8},"end":{"line":461,"column":63}},"42":{"start":{"line":462,"column":8},"end":{"line":462,"column":23}},"43":{"start":{"line":469,"column":8},"end":{"line":469,"column":33}},"44":{"start":{"line":480,"column":8},"end":{"line":480,"column":33}},"45":{"start":{"line":491,"column":8},"end":{"line":491,"column":16530}},"46":{"start":{"line":495,"column":8},"end":{"line":495,"column":28}}},"branchMap":{"1":{"line":141,"type":"if","locations":[{"start":{"line":141,"column":8},"end":{"line":141,"column":8}},{"start":{"line":141,"column":8},"end":{"line":141,"column":8}}]},"2":{"line":148,"type":"if","locations":[{"start":{"line":148,"column":8},"end":{"line":148,"column":8}},{"start":{"line":148,"column":8},"end":{"line":148,"column":8}}]},"3":{"line":230,"type":"if","locations":[{"start":{"line":230,"column":8},"end":{"line":230,"column":8}},{"start":{"line":230,"column":8},"end":{"line":230,"column":8}}]},"4":{"line":243,"type":"if","locations":[{"start":{"line":243,"column":8},"end":{"line":243,"column":8}},{"start":{"line":243,"column":8},"end":{"line":243,"column":8}}]},"5":{"line":249,"type":"if","locations":[{"start":{"line":249,"column":8},"end":{"line":249,"column":8}},{"start":{"line":249,"column":8},"end":{"line":249,"column":8}}]},"6":{"line":253,"type":"if","locations":[{"start":{"line":253,"column":12},"end":{"line":253,"column":12}},{"start":{"line":253,"column":12},"end":{"line":253,"column":12}}]},"7":{"line":291,"type":"if","locations":[{"start":{"line":291,"column":8},"end":{"line":291,"column":8}},{"start":{"line":291,"column":8},"end":{"line":291,"column":8}}]},"8":{"line":293,"type":"if","locations":[{"start":{"line":293,"column":12},"end":{"line":293,"column":12}},{"start":{"line":293,"column":12},"end":{"line":293,"column":12}}]},"9":{"line":336,"type":"if","locations":[{"start":{"line":336,"column":8},"end":{"line":336,"column":8}},{"start":{"line":336,"column":8},"end":{"line":336,"column":8}}]},"10":{"line":402,"type":"if","locations":[{"start":{"line":402,"column":8},"end":{"line":402,"column":8}},{"start":{"line":402,"column":8},"end":{"line":402,"column":8}}]},"11":{"line":429,"type":"if","locations":[{"start":{"line":429,"column":8},"end":{"line":429,"column":8}},{"start":{"line":429,"column":8},"end":{"line":429,"column":8}}]},"12":{"line":462,"type":"if","locations":[{"start":{"line":462,"column":8},"end":{"line":462,"column":8}},{"start":{"line":462,"column":8},"end":{"line":462,"column":8}}]},"13":{"line":491,"type":"if","locations":[{"start":{"line":491,"column":8},"end":{"line":491,"column":8}},{"start":{"line":491,"column":8},"end":{"line":491,"column":8}}]}}},"contracts/proxy/ProxyAdmin.sol":{"l":{"25":0,"28":0,"29":0,"43":0,"46":0,"47":0,"59":0,"71":0,"88":0},"path":"/Users/Zohaib/octa/octa-contracts/contracts/proxy/ProxyAdmin.sol","s":{"1":0,"2":0,"3":0,"4":0,"5":0,"6":0,"7":0,"8":0,"9":0},"b":{"1":[0,0],"2":[0,0]},"f":{"1":0,"2":0,"3":0,"4":0,"5":0},"fnMap":{"1":{"name":"getProxyImplementation","line":18,"loc":{"start":{"line":18,"column":4},"end":{"line":30,"column":4}}},"2":{"name":"getProxyAdmin","line":36,"loc":{"start":{"line":36,"column":4},"end":{"line":48,"column":4}}},"3":{"name":"changeProxyAdmin","line":57,"loc":{"start":{"line":55,"column":4},"end":{"line":60,"column":4}}},"4":{"name":"upgrade","line":69,"loc":{"start":{"line":67,"column":4},"end":{"line":72,"column":4}}},"5":{"name":"upgradeAndCall","line":87,"loc":{"start":{"line":83,"column":4},"end":{"line":89,"column":4}}}},"statementMap":{"1":{"start":{"line":25,"column":8},"end":{"line":25,"column":856}},"2":{"start":{"line":28,"column":8},"end":{"line":28,"column":23}},"3":{"start":{"line":29,"column":8},"end":{"line":29,"column":48}},"4":{"start":{"line":43,"column":8},"end":{"line":43,"column":1469}},"5":{"start":{"line":46,"column":8},"end":{"line":46,"column":23}},"6":{"start":{"line":47,"column":8},"end":{"line":47,"column":48}},"7":{"start":{"line":59,"column":8},"end":{"line":59,"column":34}},"8":{"start":{"line":71,"column":8},"end":{"line":71,"column":38}},"9":{"start":{"line":88,"column":8},"end":{"line":88,"column":69}}},"branchMap":{"1":{"line":28,"type":"if","locations":[{"start":{"line":28,"column":8},"end":{"line":28,"column":8}},{"start":{"line":28,"column":8},"end":{"line":28,"column":8}}]},"2":{"line":46,"type":"if","locations":[{"start":{"line":46,"column":8},"end":{"line":46,"column":8}},{"start":{"line":46,"column":8},"end":{"line":46,"column":8}}]}}}}